2019-12-12 11:13:51,766 - root - INFO - 重启服务：dns-service
2019-12-12 11:15:08,287 - root - INFO - 重启服务：java -jar dns-service-1.0.2-RELEASE.jar &
2019-12-12 11:16:21,763 - root - INFO - 重启服务：java -jar /opt/temp/dns-service/build/libs/dns-service-1.0.2-RELEASE.jar &
2019-12-12 11:18:52,320 - root - INFO - 重启服务：java -jar /opt/temp/dns-service/build/libs/dns-service-1.0.2-RELEASE.jar &
2019-12-12 11:19:04,016 - root - INFO - 重启服务：java -jar /opt/temp/dns-service/build/libs/dns-service-1.0.2-RELEASE.jar &
2019-12-12 11:19:24,925 - root - INFO - 重启服务：java -jar /opt/temp/dns-service/build/libs/dns-service-1.0.2-RELEASE.jar &
2019-12-12 11:19:25,459 - root - INFO - 重启服务：java -jar /opt/temp/dns-service/build/libs/dns-service-1.0.2-RELEASE.jar &
2019-12-12 11:29:06,532 - root - INFO - 重启服务：java -jar /opt/temp/dns-service/build/libs/dns-service-1.0.2-RELEASE.jar &
2019-12-12 11:30:07,995 - root - INFO - 重启服务：java -jar /opt/temp/dns-service/build/libs/dns-service-1.0.2-RELEASE.jar &
2019-12-12 11:32:39,547 - root - INFO - 重启服务：java -jar /opt/temp/dns-service/build/libs/dns-service-1.0.2-RELEASE.jar &
2019-12-12 11:33:15,030 - root - INFO - 重启服务：java -jar /opt/temp/dns-service/build/libs/dns-service-1.0.2-RELEASE.jar &
2019-12-12 11:34:30,551 - root - INFO - 重启服务：java -jar /opt/temp/dns-service/build/libs/dns-service-1.0.2-RELEASE.jar &
2019-12-12 11:36:42,317 - root - INFO - 重启服务：java -jar /opt/temp/dns-service/build/libs/dns-service-1.0.2-RELEASE.jar &
2019-12-12 11:41:22,222 - root - INFO - 重启服务：pwd
2019-12-12 11:42:00,763 - root - INFO - 重启服务：java -jar /opt/temp/dns-service/build/libs/dns-service-1.0.2-RELEASE.jar &
2019-12-12 11:43:11,414 - root - INFO - 重启服务：ll
2019-12-12 11:43:21,569 - root - INFO - 重启服务：ls
2019-12-12 11:43:30,448 - root - INFO - 重启服务：pwd
2019-12-12 13:20:53,978 - root - INFO - 重启服务：pwd
2019-12-12 13:21:34,827 - root - INFO - 重启服务：pwd
2019-12-12 13:22:52,900 - root - INFO - 重启服务：pwd
2019-12-12 13:23:24,833 - root - INFO - 重启服务：cd /opt/temp;pwd
2019-12-12 13:24:52,806 - root - INFO - 重启服务：cd /opt/temp/dns-service/build/libs;java -jar dns-service-1.0.2-RELEASE.jar &
2019-12-12 13:25:14,985 - root - INFO - 重启服务：cd /opt/temp/dns-service/build/libs;pwd
2019-12-12 13:25:42,722 - root - INFO - 重启服务：cd /opt/temp/dns-service/build/libs;java -jar dns-service-1.0.2-RELEASE.jar
2019-12-12 13:26:41,635 - root - INFO - 重启服务：cd /opt/temp/dns-service/build/libs;ps -ef|grep dns-service-1.0.2-RELEASE.jar
2019-12-12 13:27:10,960 - root - INFO - 重启服务：cd /opt/temp/dns-service/build/libs;ps -ef|grep dns-service-1.0.2-RELEASE.jar
2019-12-12 13:27:58,186 - root - INFO - 重启服务：cd /opt/temp/dns-service/build/libs;ps -ef|grep dns-service-1.0.2-RELEASE.jar
2019-12-12 13:29:07,336 - root - INFO - 重启服务：cd /opt/temp/dns-service/build/libs;java -jar dns-service-1.0.2-RELEASE.jar &
2019-12-12 13:29:19,369 - root - INFO - 重启服务：cd /opt/temp/dns-service/build/libs;java -jar dns-service-1.0.2-RELEASE.jar &;ps -ef|grep dns-service-1.0.2-RELEASE.jar
2019-12-12 13:29:53,919 - root - INFO - 重启服务：cd /opt/temp/dns-service/build/libs;java -jar dns-service-1.0.2-RELEASE.jar &
2019-12-12 13:31:45,492 - root - INFO - 重启服务：cd /opt/temp;pwd
2019-12-12 13:57:45,604 - root - INFO - 执行的查询语句：caseInfo&isRun=true&0
2019-12-12 14:08:55,413 - root - INFO - 执行的查询语句：caseInfo&isRun=true&0
2019-12-12 14:16:07,926 - root - INFO - 执行的查询语句：caseInfo&isRun=true&0
2019-12-12 14:16:27,689 - root - INFO - 执行的查询语句：caseInfo&isRun=true&0
2019-12-12 14:17:36,009 - root - INFO - 执行的查询语句：caseInfo&isRun=true&0
2019-12-12 14:18:01,817 - root - INFO - 执行的查询语句：caseInfo&isRun=true&0
2019-12-12 14:20:31,793 - root - INFO - 执行的查询语句：caseInfo&isRun=true&0
2019-12-12 14:21:36,387 - root - INFO - 执行的查询语句：caseInfo&isRun=true&0
2019-12-12 14:22:11,465 - root - INFO - 执行的查询语句：caseInfo&isRun=true&0
2019-12-12 14:22:25,706 - root - INFO - 执行的查询语句：caseInfo&isRun=true&0
2019-12-12 14:24:22,800 - root - INFO - 执行的查询语句：caseInfo&isRun=true&0
2019-12-12 14:24:48,234 - root - INFO - 执行的查询语句：caseInfo&isRun=true&0
2019-12-12 14:30:51,597 - root - INFO - 执行的查询语句：caseInfo&isRun=true&0
2019-12-12 14:37:07,385 - root - INFO - 执行的查询语句：caseInfo&isRun=true&0
2019-12-12 14:39:27,657 - root - INFO - 执行的查询语句：caseInfo&isRun=true&0
2019-12-12 14:39:41,266 - root - INFO - 执行的查询语句：caseInfo&isRun=true&0
2019-12-12 14:44:39,279 - root - INFO - 执行的查询语句：caseInfo&isRun=true&0
2019-12-12 14:45:20,821 - root - INFO - 执行的查询语句：caseInfo&isRun;true&0
2019-12-12 14:45:29,829 - root - INFO - 执行的查询语句：caseInfo&isRun=true&0
2019-12-12 14:46:32,262 - root - INFO - 执行的查询语句：caseInfo&isRun=true&0
2019-12-12 14:50:29,562 - root - INFO - 执行的查询语句：caseInfo&isRun=true&0
2019-12-12 14:51:47,996 - root - INFO - 执行的查询语句：caseInfo&isRun=true&0
2019-12-12 14:52:10,704 - root - INFO - 执行的查询语句：caseInfo&isRun=true&0
2019-12-12 14:52:25,449 - root - INFO - 执行的查询语句：caseInfo&isRun=true&0
2019-12-12 14:52:55,486 - root - INFO - 执行的查询语句：caseInfo&isRun=true&0
2019-12-12 15:18:09,860 - root - INFO - 执行的查询语句：caseInfo&isRun=true&0
2019-12-12 15:19:17,978 - root - INFO - 执行的查询语句：caseInfo&isRun=true&0
2019-12-12 15:19:40,411 - root - INFO - 执行的查询语句：caseInfo&isRun=true&0
2019-12-12 15:19:59,682 - root - INFO - 执行的查询语句：caseInfo&isRun=true&0
2019-12-12 15:20:32,425 - root - INFO - 执行的查询语句：caseInfo&isRun=true&0
2019-12-12 15:20:59,637 - root - INFO - 执行的查询语句：caseInfo&isRun=true&0
2019-12-12 15:21:06,664 - root - INFO - 执行的查询语句：caseInfo&isRun=true&0
2019-12-12 15:21:34,343 - root - INFO - 执行的查询语句：caseInfo&isRun=true&0
2019-12-12 15:22:35,077 - root - INFO - 执行的查询语句：caseInfo&isRun=true&0
2019-12-12 15:23:05,787 - root - INFO - 执行的查询语句：caseInfo&isRun=true&0
2019-12-12 15:23:20,805 - root - INFO - 执行的查询语句：caseInfo&isRun=true&0
2019-12-12 15:29:46,836 - root - INFO - 执行的查询语句：caseInfo&isRun=true&0
2019-12-12 15:29:59,532 - root - INFO - 执行的查询语句：caseInfo&isRun=true&0
2019-12-12 15:33:17,949 - root - INFO - 执行的查询语句：caseInfo&isRun=true&0
2019-12-12 15:34:08,919 - root - INFO - 执行的查询语句：caseInfo&isRun=true&0
2019-12-12 15:34:21,399 - root - INFO - 执行的查询语句：caseInfo&isRun=true&0
2019-12-12 15:36:10,246 - root - INFO - 执行的查询语句：caseInfo&isRun=true&0
2019-12-12 15:36:16,075 - root - INFO - 执行的查询语句：caseInfo&isRun=true&0
2019-12-12 15:37:41,351 - root - INFO - 执行的查询语句：caseInfo&isRun=true&0
2019-12-12 15:38:27,743 - root - INFO - 执行的查询语句：caseInfo&isRun=true&0
2019-12-12 15:42:48,043 - root - INFO - 执行的查询语句：caseInfo&isRun=true&0
2019-12-12 15:43:19,808 - root - INFO - 执行的查询语句：caseInfo&isRun=true&0
2019-12-12 15:44:57,433 - root - INFO - 执行的查询语句：caseInfo&isRun=true&0
2019-12-12 15:45:39,199 - root - INFO - 执行的查询语句：caseInfo&isRun=true&0
2019-12-12 15:45:49,996 - root - INFO - 执行的查询语句：caseInfo&isRun=true&0
2019-12-12 15:51:05,267 - root - INFO - 执行的查询语句：caseInfo&isRun=true&0
2019-12-12 15:51:13,679 - root - INFO - 执行的查询语句：caseInfo&isRun=true&0
2019-12-12 15:51:23,623 - root - INFO - 执行的查询语句：caseInfo&isRun=true&0
2019-12-12 15:51:35,668 - root - INFO - 执行的查询语句：caseInfo&isRun=true&0
2019-12-12 15:52:41,449 - root - INFO - 执行的查询语句：caseInfo&isRun=true&0
2019-12-12 15:52:50,004 - root - INFO - 执行的查询语句：caseInfo&isRun=true&0
2019-12-12 15:55:16,182 - root - INFO - 执行的查询语句：caseInfo&isRun=true&0
2019-12-12 15:55:50,647 - root - INFO - 执行的查询语句：caseInfo&isRun=true&0
2019-12-12 15:58:29,721 - root - INFO - 执行的查询语句：caseInfo&isRun=true&0
2019-12-12 15:59:45,756 - root - INFO - 执行的查询语句：caseInfo&isRun=true&0
2019-12-12 15:59:51,363 - root - INFO - 执行的查询语句：caseInfo&isRun=true&0
2019-12-12 16:32:32,888 - root - INFO - 执行的查询语句：caseInfo&isRun=true&0
2019-12-12 16:36:26,485 - root - INFO - 执行的查询语句：caseInfo&isRun=true&0
2019-12-12 17:12:56,663 - root - INFO - 执行的查询语句：caseInfo&isRun=true&0
2019-12-12 17:13:00,935 - root - INFO - 执行的查询语句：caseInfo&isRun=true&1
2019-12-12 17:13:22,472 - root - INFO - 执行的查询语句：caseInfo&isRun=true&2
2019-12-12 17:14:12,760 - root - INFO - 执行的查询语句：caseInfo&isRun=true&0
2019-12-12 17:20:58,130 - root - INFO - 执行的查询语句：caseInfo&isRun=true&0
2019-12-12 17:21:03,432 - root - INFO - 执行的查询语句：caseInfo&isRun=true&1
