2019-05-24 10:42:10,139 - root - INFO - 执行的查询语句：cases&isRun=yes&0
2019-05-24 10:42:10,142 - root - INFO - 执行的查询语句：cases&isRun=yes&0
2019-05-24 10:42:10,148 - root - INFO - 执行的查询语句：test_data&betting_id=B0&1
2019-05-24 10:42:10,154 - root - INFO - 开始运行：登录
2019-05-24 10:42:10,285 - root - INFO - 开始运行：登录
2019-05-24 10:42:10,395 - root - INFO - 开始运行：lsports_创建第三方数据比赛
2019-05-24 10:42:10,499 - root - INFO - 比赛已经存在(gameId=765)：4536195 切尔西 VS 阿森纳
2019-05-24 10:42:10,714 - root - INFO - 比赛已经存在(gameId=598)：4557557 查尔顿 VS 桑德兰
2019-05-24 10:42:10,762 - root - INFO - 比赛已经存在(gameId=614)：4296194 古比斯 VS 坦佩雷埃尔维斯
2019-05-24 10:42:10,767 - root - INFO - 比赛已经存在(gameId=617)：4296195 赫尔辛基IFK VS 英特杜古
2019-05-24 10:42:10,772 - root - INFO - 比赛已经存在(gameId=621)：4296196 路云尼米 VS 塞纳容
2019-05-24 10:42:15,687 - root - INFO - 开始运行：预测发布--提交审核
2019-05-24 10:42:17,357 - root - INFO - 开始运行：预测发布--审核通过
2019-05-24 10:42:18,850 - root - INFO - 开始运行：预测发布--部署
2019-05-24 10:42:20,499 - root - INFO - 开始运行：预测发布--发布
2019-05-24 10:45:08,765 - root - INFO - 执行的查询语句：cases&isRun=yes&0
2019-05-24 10:45:08,768 - root - INFO - 执行的查询语句：cases&isRun=yes&0
2019-05-24 10:45:08,772 - root - INFO - 执行的查询语句：test_data&betting_id=B0&1
2019-05-24 10:45:08,775 - root - INFO - 开始运行：登录
2019-05-24 10:45:08,896 - root - INFO - 开始运行：登录
2019-05-24 10:45:09,014 - root - INFO - 开始运行：lsports_创建第三方数据比赛
2019-05-24 10:45:09,119 - root - INFO - 比赛已经存在(gameId=765)：4536195 切尔西 VS 阿森纳
2019-05-24 10:45:09,341 - root - INFO - 比赛已经存在(gameId=598)：4557557 查尔顿 VS 桑德兰
2019-05-24 10:45:09,387 - root - INFO - 比赛已经存在(gameId=614)：4296194 古比斯 VS 坦佩雷埃尔维斯
2019-05-24 10:45:09,392 - root - INFO - 比赛已经存在(gameId=617)：4296195 赫尔辛基IFK VS 英特杜古
2019-05-24 10:45:09,399 - root - INFO - 比赛已经存在(gameId=621)：4296196 路云尼米 VS 塞纳容
2019-05-24 10:45:09,404 - root - INFO - 比赛已经存在(gameId=766)：4296197 赫尔辛基 VS KPV科高拉
2019-05-24 10:45:14,289 - root - INFO - 开始运行：预测发布--提交审核
2019-05-24 10:45:15,436 - root - INFO - 开始运行：预测发布--审核通过
2019-05-24 10:45:16,845 - root - INFO - 开始运行：预测发布--部署
2019-05-24 10:45:18,411 - root - INFO - 开始运行：预测发布--发布
2019-05-24 13:05:56,191 - root - INFO - 执行的查询语句：cases&isRun=yes&0
2019-05-24 13:05:56,201 - root - INFO - 执行的查询语句：cases&isRun=yes&0
2019-05-24 13:05:56,205 - root - INFO - 执行的查询语句：test_data&betting_id=B0&1
2019-05-24 13:05:56,208 - root - INFO - 开始运行：登录
2019-05-24 13:05:57,549 - root - INFO - 开始运行：封盘
2019-05-24 13:06:00,342 - root - INFO - 开始运行：审核通过
2019-05-24 13:06:01,236 - root - INFO - 开始运行：结算管理--结算中--修改比分赛果
2019-05-24 13:06:01,335 - root - INFO - 开始运行：结算管理--结算中--提交初验
2019-05-24 13:06:01,359 - root - INFO - 开始运行：登录
2019-05-24 13:06:01,471 - root - INFO - 开始运行：结算管理--结算中--修改比分赛果
2019-05-24 13:06:01,486 - root - INFO - 开始运行：结算管理--结算中--提交初验
2019-05-24 13:06:01,586 - root - INFO - 开始运行：结算管理--待开奖--直接开奖
2019-05-24 13:06:08,599 - root - INFO - 执行的查询语句：cases&isRun=yes&0
2019-05-24 13:06:08,602 - root - INFO - 执行的查询语句：cases&isRun=yes&0
2019-05-24 13:06:08,605 - root - INFO - 执行的查询语句：test_data&betting_id=B0&1
2019-05-24 13:06:08,608 - root - INFO - 开始运行：登录
2019-05-24 13:06:08,821 - root - INFO - 开始运行：封盘
2019-05-24 13:06:09,254 - root - INFO - 开始运行：审核通过
2019-05-24 13:06:09,709 - root - INFO - 开始运行：结算管理--结算中--修改比分赛果
2019-05-24 13:06:09,724 - root - INFO - 开始运行：结算管理--结算中--提交初验
2019-05-24 13:06:09,747 - root - INFO - 开始运行：登录
2019-05-24 13:06:09,859 - root - INFO - 开始运行：结算管理--结算中--修改比分赛果
2019-05-24 13:06:09,875 - root - INFO - 开始运行：结算管理--结算中--提交初验
2019-05-24 13:06:09,914 - root - INFO - 开始运行：结算管理--待开奖--直接开奖
2019-05-24 15:37:17,085 - root - INFO - 执行的查询语句：cases&isRun=yes&0
2019-05-24 15:37:17,095 - root - INFO - 执行的查询语句：cases&isRun=yes&0
2019-05-24 15:37:17,102 - root - INFO - 执行的查询语句：test_data&betting_id=B0&1
2019-05-24 15:37:17,107 - root - INFO - 开始运行：登录
2019-05-24 15:37:17,230 - root - INFO - 开始运行：登录
2019-05-24 15:37:17,355 - root - INFO - 开始运行：lsports_创建第三方数据比赛
2019-05-24 15:37:17,800 - root - INFO - 开始运行：预测发布--提交审核
2019-05-24 15:37:17,946 - root - INFO - 开始运行：预测发布--审核通过
2019-05-24 15:37:18,097 - root - INFO - 开始运行：预测发布--部署
2019-05-24 15:37:18,254 - root - INFO - 开始运行：预测发布--发布
2019-05-24 19:50:18,818 - root - INFO - 执行的查询语句：cases&isRun=yes&0
2019-05-24 19:50:18,822 - root - INFO - 执行的查询语句：cases&isRun=yes&0
2019-05-24 19:50:18,826 - root - INFO - 执行的查询语句：test_data&betting_id=B0&1
2019-05-24 19:50:18,829 - root - INFO - 开始运行：登录
2019-05-24 19:50:19,050 - root - INFO - 开始运行：封盘
2019-05-24 19:50:19,575 - root - INFO - 开始运行：审核通过
2019-05-24 19:50:20,123 - root - INFO - 开始运行：结算管理--结算中--修改比分赛果
2019-05-24 19:50:20,222 - root - INFO - 开始运行：结算管理--结算中--提交初验
2019-05-24 19:50:20,252 - root - INFO - 开始运行：登录
2019-05-24 19:50:20,364 - root - INFO - 开始运行：结算管理--结算中--修改比分赛果
2019-05-24 19:50:20,388 - root - INFO - 开始运行：结算管理--结算中--提交初验
2019-05-24 19:50:20,440 - root - INFO - 开始运行：结算管理--待开奖--直接开奖
